<?xml version="1.0" encoding="UTF-8"?>
<testsuite xmlns:xsi="http://www.w3.org/2001/XMLSchema-instance" xsi:noNamespaceSchemaLocation="https://maven.apache.org/surefire/maven-surefire-plugin/xsd/surefire-test-report-3.0.xsd" version="3.0" name="itm.oss.splitter.AppTest" time="0.075" tests="4" errors="0" skipped="0" failures="0">
  <properties>
[...]
</properties>
  <testcase name="testApp_Placeholder" classname="itm.oss.splitter.AppTest" time="0.027"/>
  <testcase name="testAddExpenseFlow_Success" classname="itm.oss.splitter.AppTest" time="0.008"/>
  <testcase name="testReadRequiredLine_EmptyInput_ShowsError" classname="itm.oss.splitter.AppTest" time="0.003"/>
  <testcase name="testReadBigDecimal_InvalidAmount_ShowsError" classname="itm.oss.splitter.AppTest" time="0.001"/>
</testsuite>